{
  "stats": {
    "suites": 1,
    "tests": 3,
    "passes": 2,
    "pending": 0,
    "failures": 1,
    "start": "2021-08-31T15:19:16.436Z",
    "end": "2021-08-31T15:24:54.196Z",
    "duration": 337760,
    "testsRegistered": 3,
    "passPercent": 66.66666666666666,
    "pendingPercent": 0,
    "other": 0,
    "hasOther": false,
    "skipped": 0,
    "hasSkipped": false
  },
  "results": [
    {
      "uuid": "6bc06a0a-592a-475d-a1ae-643ebc8eaa3e",
      "title": "",
      "fullFile": "cypress/integration/examples/BDD/studentdiscount.feature",
      "file": "cypress/integration/examples/BDD/studentdiscount.feature",
      "beforeHooks": [],
      "afterHooks": [],
      "tests": [],
      "suites": [
        {
          "uuid": "dfe8fd8f-4b0b-4f9d-91f7-7b524c0e545e",
          "title": "End to end Student discount test",
          "fullFile": "",
          "file": "",
          "beforeHooks": [],
          "afterHooks": [],
          "tests": [
            {
              "title": "Register for student discount voucher code and login purchase an item",
              "fullTitle": "End to end Student discount test Register for student discount voucher code and login purchase an item",
              "timedOut": null,
              "duration": 166162,
              "state": "failed",
              "speed": null,
              "pass": false,
              "fail": true,
              "pending": false,
              "context": null,
              "code": "const state = window.testState;\nreturn cy\n  .then(() => state.onStartScenario(scenario, indexedSteps))\n  .then(() =>\n    resolveAndRunBeforeHooks.call(this, scenario.tags, state.feature.name)\n  )\n  .then(() =>\n    indexedSteps.forEach((step) =>\n      stepTest.call(this, state, step, rowData)\n    )\n  )\n  .then(() => state.onFinishScenario(scenario));",
              "err": {
                "message": "AssertionError: Timed out retrying after 15000ms: Expected to find element: `#main-size-select-0`, but never found it.",
                "estack": "AssertionError: Timed out retrying after 15000ms: Expected to find element: `#main-size-select-0`, but never found it.\n    at WomensProductPage.selectsize (https://www.asos.com/__cypress/tests?p=cypress\\integration\\examples\\BDD\\studentdiscount.feature:383:17)\n    at Context.eval (https://www.asos.com/__cypress/tests?p=cypress\\integration\\examples\\BDD\\studentdiscount.feature:127:16)\n    at Context.resolveAndRunStepDefinition (https://www.asos.com/__cypress/tests?p=cypress\\integration\\examples\\BDD\\studentdiscount.feature:12773:29)\n    at Context.eval (https://www.asos.com/__cypress/tests?p=cypress\\integration\\examples\\BDD\\studentdiscount.feature:12094:35)",
                "diff": null
              },
              "uuid": "fefe46c9-2dcc-4ee0-9c78-937ac3240e87",
              "parentUUID": "dfe8fd8f-4b0b-4f9d-91f7-7b524c0e545e",
              "isHook": false,
              "skipped": false
            },
            {
              "title": "purchase an item with student discount of 15% (already received a discount coupon.)",
              "fullTitle": "End to end Student discount test purchase an item with student discount of 15% (already received a discount coupon.)",
              "timedOut": null,
              "duration": 27677,
              "state": "passed",
              "speed": "slow",
              "pass": true,
              "fail": false,
              "pending": false,
              "context": null,
              "code": "const state = window.testState;\nreturn cy\n  .then(() => state.onStartScenario(scenario, indexedSteps))\n  .then(() =>\n    resolveAndRunBeforeHooks.call(this, scenario.tags, state.feature.name)\n  )\n  .then(() =>\n    indexedSteps.forEach((step) =>\n      stepTest.call(this, state, step, rowData)\n    )\n  )\n  .then(() => state.onFinishScenario(scenario));",
              "err": {},
              "uuid": "76f7737f-51b6-4263-bb25-de66d56662a0",
              "parentUUID": "dfe8fd8f-4b0b-4f9d-91f7-7b524c0e545e",
              "isHook": false,
              "skipped": false
            },
            {
              "title": "Verify error messages on the student discount page with out entering any data for registration",
              "fullTitle": "End to end Student discount test Verify error messages on the student discount page with out entering any data for registration",
              "timedOut": null,
              "duration": 22481,
              "state": "passed",
              "speed": "slow",
              "pass": true,
              "fail": false,
              "pending": false,
              "context": null,
              "code": "const state = window.testState;\nreturn cy\n  .then(() => state.onStartScenario(scenario, indexedSteps))\n  .then(() =>\n    resolveAndRunBeforeHooks.call(this, scenario.tags, state.feature.name)\n  )\n  .then(() =>\n    indexedSteps.forEach((step) =>\n      stepTest.call(this, state, step, rowData)\n    )\n  )\n  .then(() => state.onFinishScenario(scenario));",
              "err": {},
              "uuid": "b5d12b0d-a8dd-49ba-bba5-e87b2218ccae",
              "parentUUID": "dfe8fd8f-4b0b-4f9d-91f7-7b524c0e545e",
              "isHook": false,
              "skipped": false
            }
          ],
          "suites": [],
          "passes": [
            "76f7737f-51b6-4263-bb25-de66d56662a0",
            "b5d12b0d-a8dd-49ba-bba5-e87b2218ccae"
          ],
          "failures": [
            "fefe46c9-2dcc-4ee0-9c78-937ac3240e87"
          ],
          "pending": [],
          "skipped": [],
          "duration": 216320,
          "root": false,
          "rootEmpty": false,
          "_timeout": 2000
        }
      ],
      "passes": [],
      "failures": [],
      "pending": [],
      "skipped": [],
      "duration": 0,
      "root": true,
      "rootEmpty": true,
      "_timeout": 2000
    }
  ],
  "meta": {
    "mocha": {
      "version": "7.0.1"
    },
    "mochawesome": {
      "options": {
        "quiet": false,
        "reportFilename": "mochawesome",
        "saveHtml": true,
        "saveJson": true,
        "useInlineDiffs": false
      },
      "version": "4.0.1"
    },
    "marge": {
      "options": null,
      "version": "4.0.1"
    }
  }
}